-------------------------------------------------------------------------------
Test set: com.javasampleapproach.spring.cassandra.SpringBootCassandraApplicationTests
-------------------------------------------------------------------------------
Tests run: 1, Failures: 0, Errors: 1, Skipped: 0, Time elapsed: 8.272 s <<< FAILURE! - in com.javasampleapproach.spring.cassandra.SpringBootCassandraApplicationTests
contextLoads(com.javasampleapproach.spring.cassandra.SpringBootCassandraApplicationTests)  Time elapsed: 0.002 s  <<< ERROR!
java.lang.IllegalStateException: Failed to load ApplicationContext
Caused by: org.springframework.beans.factory.BeanCreationException: Error creating bean with name 'bookController' defined in file [/Users/rpakala/NityaChase2022/muiJul30/rishindrabranch2/SpringBootCassandra/target/classes/com/javasampleapproach/spring/cassandra/controller/BookController.class]: Instantiation of bean failed; nested exception is org.springframework.beans.BeanInstantiationException: Failed to instantiate [com.javasampleapproach.spring.cassandra.controller.BookController]: Constructor threw exception; nested exception is com.datastax.oss.driver.api.core.AllNodesFailedException: Could not reach any contact point, make sure you've provided valid addresses (showing first 1 nodes, use getAllErrors() for more): Node(endPoint=/127.0.0.1:9042, hostId=null, hashCode=18265e04): [com.datastax.oss.driver.api.core.connection.ConnectionInitException: [s0|control|connecting...] Protocol initialization request, step 1 (OPTIONS): failed to send request (java.nio.channels.ClosedChannelException)]
Caused by: org.springframework.beans.BeanInstantiationException: Failed to instantiate [com.javasampleapproach.spring.cassandra.controller.BookController]: Constructor threw exception; nested exception is com.datastax.oss.driver.api.core.AllNodesFailedException: Could not reach any contact point, make sure you've provided valid addresses (showing first 1 nodes, use getAllErrors() for more): Node(endPoint=/127.0.0.1:9042, hostId=null, hashCode=18265e04): [com.datastax.oss.driver.api.core.connection.ConnectionInitException: [s0|control|connecting...] Protocol initialization request, step 1 (OPTIONS): failed to send request (java.nio.channels.ClosedChannelException)]
Caused by: com.datastax.oss.driver.api.core.AllNodesFailedException: Could not reach any contact point, make sure you've provided valid addresses (showing first 1 nodes, use getAllErrors() for more): Node(endPoint=/127.0.0.1:9042, hostId=null, hashCode=18265e04): [com.datastax.oss.driver.api.core.connection.ConnectionInitException: [s0|control|connecting...] Protocol initialization request, step 1 (OPTIONS): failed to send request (java.nio.channels.ClosedChannelException)]

