-------------------------------------------------------------------------------
Test set: com.javasampleapproach.spring.cassandra.SpringBootCassandraApplicationTests
-------------------------------------------------------------------------------
Tests run: 1, Failures: 0, Errors: 1, Skipped: 0, Time elapsed: 0.592 s <<< FAILURE! - in com.javasampleapproach.spring.cassandra.SpringBootCassandraApplicationTests
initializationError(com.javasampleapproach.spring.cassandra.SpringBootCassandraApplicationTests)  Time elapsed: 0.01 s  <<< ERROR!
java.lang.IllegalStateException: Unable to find a @SpringBootConfiguration, you need to use @ContextConfiguration or @SpringBootTest(classes=...) with your test

