<?xml version="1.0" encoding="UTF-8"?>
<testsuite xmlns:xsi="http://www.w3.org/2001/XMLSchema-instance" xsi:noNamespaceSchemaLocation="https://maven.apache.org/surefire/maven-surefire-plugin/xsd/surefire-test-report.xsd" name="com.javasampleapproach.spring.cassandra.SpringBootCassandraApplicationTests" time="0.592" tests="1" errors="1" skipped="0" failures="0">
  <properties>
[...]
</properties>
  <testcase name="initializationError" classname="com.javasampleapproach.spring.cassandra.SpringBootCassandraApplicationTests" time="0.01">
    <error message="Unable to find a @SpringBootConfiguration, you need to use @ContextConfiguration or @SpringBootTest(classes=...) with your test" type="java.lang.IllegalStateException">java.lang.IllegalStateException: Unable to find a @SpringBootConfiguration, you need to use @ContextConfiguration or @SpringBootTest(classes=...) with your test
</error>
    <system-out><![CDATA[22:14:55.015 [main] DEBUG org.springframework.test.context.junit4.SpringJUnit4ClassRunner - SpringJUnit4ClassRunner constructor called with [class com.javasampleapproach.spring.cassandra.SpringBootCassandraApplicationTests]
22:14:55.022 [main] DEBUG org.springframework.test.context.BootstrapUtils - Instantiating CacheAwareContextLoaderDelegate from class [org.springframework.test.context.cache.DefaultCacheAwareContextLoaderDelegate]
22:14:55.031 [main] DEBUG org.springframework.test.context.BootstrapUtils - Instantiating BootstrapContext using constructor [public org.springframework.test.context.support.DefaultBootstrapContext(java.lang.Class,org.springframework.test.context.CacheAwareContextLoaderDelegate)]
22:14:55.058 [main] DEBUG org.springframework.test.context.BootstrapUtils - Instantiating TestContextBootstrapper for test class [com.javasampleapproach.spring.cassandra.SpringBootCassandraApplicationTests] from class [org.springframework.boot.test.context.SpringBootTestContextBootstrapper]
22:14:55.074 [main] INFO org.springframework.boot.test.context.SpringBootTestContextBootstrapper - Neither @ContextConfiguration nor @ContextHierarchy found for test class [com.javasampleapproach.spring.cassandra.SpringBootCassandraApplicationTests], using SpringBootContextLoader
22:14:55.077 [main] DEBUG org.springframework.test.context.support.AbstractContextLoader - Did not detect default resource location for test class [com.javasampleapproach.spring.cassandra.SpringBootCassandraApplicationTests]: class path resource [com/javasampleapproach/spring/cassandra/SpringBootCassandraApplicationTests-context.xml] does not exist
22:14:55.077 [main] DEBUG org.springframework.test.context.support.AbstractContextLoader - Did not detect default resource location for test class [com.javasampleapproach.spring.cassandra.SpringBootCassandraApplicationTests]: class path resource [com/javasampleapproach/spring/cassandra/SpringBootCassandraApplicationTestsContext.groovy] does not exist
22:14:55.078 [main] INFO org.springframework.test.context.support.AbstractContextLoader - Could not detect default resource locations for test class [com.javasampleapproach.spring.cassandra.SpringBootCassandraApplicationTests]: no resource found for suffixes {-context.xml, Context.groovy}.
22:14:55.078 [main] INFO org.springframework.test.context.support.AnnotationConfigContextLoaderUtils - Could not detect default configuration classes for test class [com.javasampleapproach.spring.cassandra.SpringBootCassandraApplicationTests]: SpringBootCassandraApplicationTests does not declare any static, non-private, non-final, nested classes annotated with @Configuration.
22:14:55.128 [main] DEBUG org.springframework.test.context.support.ActiveProfilesUtils - Could not find an 'annotation declaring class' for annotation type [org.springframework.test.context.ActiveProfiles] and class [com.javasampleapproach.spring.cassandra.SpringBootCassandraApplicationTests]
22:14:55.139 [main] DEBUG org.springframework.core.env.StandardEnvironment - Adding PropertySource 'systemProperties' with lowest search precedence
22:14:55.139 [main] DEBUG org.springframework.core.env.StandardEnvironment - Adding PropertySource 'systemEnvironment' with lowest search precedence
22:14:55.140 [main] DEBUG org.springframework.core.env.StandardEnvironment - Initialized StandardEnvironment with PropertySources [MapPropertySource@1048027629 {name='systemProperties', properties={java.runtime.name=Java(TM) SE Runtime Environment, sun.boot.library.path=C:\Program Files\Java\jdk1.8.0_251\jre\bin, java.vm.version=25.251-b08, java.vm.vendor=Oracle Corporation, java.vendor.url=http://java.oracle.com/, path.separator=;, java.vm.name=Java HotSpot(TM) 64-Bit Server VM, file.encoding.pkg=sun.io, user.country=US, user.script=, sun.java.launcher=SUN_STANDARD, sun.os.patch.level=, java.vm.specification.name=Java Virtual Machine Specification, user.dir=C:\Users\tonyg\OneDrive\Documents\GitHub\Cassandra2022Group1\source\SpringBootCassandra, java.runtime.version=1.8.0_251-b08, basedir=C:\Users\tonyg\OneDrive\Documents\GitHub\Cassandra2022Group1\source\SpringBootCassandra, java.awt.graphicsenv=sun.awt.Win32GraphicsEnvironment, java.endorsed.dirs=C:\Program Files\Java\jdk1.8.0_251\jre\lib\endorsed, os.arch=amd64, surefire.real.class.path=C:\Users\tonyg\AppData\Local\Temp\surefire8284100076781417558\surefirebooter5185000341973114892.jar, java.io.tmpdir=C:\Users\tonyg\AppData\Local\Temp\, line.separator=
, java.vm.specification.vendor=Oracle Corporation, user.variant=, os.name=Windows 10, sun.jnu.encoding=Cp1252, java.library.path=C:\Program Files\Java\jdk1.8.0_251\jre\bin;C:\WINDOWS\Sun\Java\bin;C:\WINDOWS\system32;C:\WINDOWS;C:\Program Files (x86)\Common Files\Oracle\Java\javapath;C:\WINDOWS\system32;C:\WINDOWS;C:\WINDOWS\System32\Wbem;C:\WINDOWS\System32\WindowsPowerShell\v1.0\;C:\WINDOWS\System32\OpenSSH\;C:\Program Files\Python27;C:\Program Files\apache-cassandra-3.11.13\bin;C:\Program Files\Git\cmd;C:\Program Files\apache-maven-3.8.6\bin;C:\ProgramData\chocolatey\bin;C:\Users\tonyg\AppData\Roaming\nvm;C:\Program Files\nodejs;C:\Program Files\Java\jdk1.8.0_251\bin;C:\Program Files\Python39\Scripts\;C:\Program Files\Python39\;C:\Users\tonyg\AppData\Local\Microsoft\WindowsApps;C:\Users\tonyg\AppData\Local\Programs\Microsoft VS Code\bin;C:\Users\tonyg\AppData\Roaming\npm;C:\Users\tonyg\AppData\Roaming\nvm;C:\Program Files\nodejs;C:\Users\tonyg\AppData\Local\GitHubDesktop\bin;C:\Program Files\Java\jdk1.8.0_251\bin;;., surefire.test.class.path=C:\Users\tonyg\OneDrive\Documents\GitHub\Cassandra2022Group1\source\SpringBootCassandra\target\test-classes;C:\Users\tonyg\OneDrive\Documents\GitHub\Cassandra2022Group1\source\SpringBootCassandra\target\classes;C:\Users\tonyg\.m2\repository\org\springframework\boot\spring-boot-starter-data-cassandra\2.0.1.RELEASE\spring-boot-starter-data-cassandra-2.0.1.RELEASE.jar;C:\Users\tonyg\.m2\repository\org\springframework\boot\spring-boot-starter\2.0.1.RELEASE\spring-boot-starter-2.0.1.RELEASE.jar;C:\Users\tonyg\.m2\repository\org\springframework\boot\spring-boot\2.0.1.RELEASE\spring-boot-2.0.1.RELEASE.jar;C:\Users\tonyg\.m2\repository\org\springframework\boot\spring-boot-autoconfigure\2.0.1.RELEASE\spring-boot-autoconfigure-2.0.1.RELEASE.jar;C:\Users\tonyg\.m2\repository\org\springframework\boot\spring-boot-starter-logging\2.0.1.RELEASE\spring-boot-starter-logging-2.0.1.RELEASE.jar;C:\Users\tonyg\.m2\repository\ch\qos\logback\logback-classic\1.2.3\logback-classic-1.2.3.jar;C:\Users\tonyg\.m2\repository\ch\qos\logback\logback-core\1.2.3\logback-core-1.2.3.jar;C:\Users\tonyg\.m2\repository\org\apache\logging\log4j\log4j-to-slf4j\2.10.0\log4j-to-slf4j-2.10.0.jar;C:\Users\tonyg\.m2\repository\org\apache\logging\log4j\log4j-api\2.10.0\log4j-api-2.10.0.jar;C:\Users\tonyg\.m2\repository\org\slf4j\jul-to-slf4j\1.7.25\jul-to-slf4j-1.7.25.jar;C:\Users\tonyg\.m2\repository\javax\annotation\javax.annotation-api\1.3.2\javax.annotation-api-1.3.2.jar;C:\Users\tonyg\.m2\repository\org\yaml\snakeyaml\1.19\snakeyaml-1.19.jar;C:\Users\tonyg\.m2\repository\org\springframework\spring-tx\5.0.5.RELEASE\spring-tx-5.0.5.RELEASE.jar;C:\Users\tonyg\.m2\repository\org\springframework\spring-beans\5.0.5.RELEASE\spring-beans-5.0.5.RELEASE.jar;C:\Users\tonyg\.m2\repository\org\springframework\data\spring-data-cassandra\2.0.6.RELEASE\spring-data-cassandra-2.0.6.RELEASE.jar;C:\Users\tonyg\.m2\repository\org\springframework\spring-context\5.0.5.RELEASE\spring-context-5.0.5.RELEASE.jar;C:\Users\tonyg\.m2\repository\org\springframework\spring-expression\5.0.5.RELEASE\spring-expression-5.0.5.RELEASE.jar;C:\Users\tonyg\.m2\repository\org\springframework\data\spring-data-commons\2.0.6.RELEASE\spring-data-commons-2.0.6.RELEASE.jar;C:\Users\tonyg\.m2\repository\com\datastax\cassandra\cassandra-driver-core\3.4.0\cassandra-driver-core-3.4.0.jar;C:\Users\tonyg\.m2\repository\com\google\guava\guava\19.0\guava-19.0.jar;C:\Users\tonyg\.m2\repository\org\springframework\boot\spring-boot-starter-web\2.0.1.RELEASE\spring-boot-starter-web-2.0.1.RELEASE.jar;C:\Users\tonyg\.m2\repository\org\springframework\boot\spring-boot-starter-json\2.0.1.RELEASE\spring-boot-starter-json-2.0.1.RELEASE.jar;C:\Users\tonyg\.m2\repository\com\fasterxml\jackson\datatype\jackson-datatype-jdk8\2.9.5\jackson-datatype-jdk8-2.9.5.jar;C:\Users\tonyg\.m2\repository\com\fasterxml\jackson\datatype\jackson-datatype-jsr310\2.9.5\jackson-datatype-jsr310-2.9.5.jar;C:\Users\tonyg\.m2\repository\com\fasterxml\jackson\module\jackson-module-parameter-names\2.9.5\jackson-module-parameter-names-2.9.5.jar;C:\Users\tonyg\.m2\repository\org\springframework\boot\spring-boot-starter-tomcat\2.0.1.RELEASE\spring-boot-starter-tomcat-2.0.1.RELEASE.jar;C:\Users\tonyg\.m2\repository\org\apache\tomcat\embed\tomcat-embed-core\8.5.29\tomcat-embed-core-8.5.29.jar;C:\Users\tonyg\.m2\repository\org\apache\tomcat\embed\tomcat-embed-el\8.5.29\tomcat-embed-el-8.5.29.jar;C:\Users\tonyg\.m2\repository\org\apache\tomcat\embed\tomcat-embed-websocket\8.5.29\tomcat-embed-websocket-8.5.29.jar;C:\Users\tonyg\.m2\repository\org\hibernate\validator\hibernate-validator\6.0.9.Final\hibernate-validator-6.0.9.Final.jar;C:\Users\tonyg\.m2\repository\javax\validation\validation-api\2.0.1.Final\validation-api-2.0.1.Final.jar;C:\Users\tonyg\.m2\repository\org\jboss\logging\jboss-logging\3.3.2.Final\jboss-logging-3.3.2.Final.jar;C:\Users\tonyg\.m2\repository\com\fasterxml\classmate\1.3.4\classmate-1.3.4.jar;C:\Users\tonyg\.m2\repository\org\springframework\spring-web\5.0.5.RELEASE\spring-web-5.0.5.RELEASE.jar;C:\Users\tonyg\.m2\repository\org\springframework\spring-webmvc\5.0.5.RELEASE\spring-webmvc-5.0.5.RELEASE.jar;C:\Users\tonyg\.m2\repository\org\springframework\spring-aop\5.0.5.RELEASE\spring-aop-5.0.5.RELEASE.jar;C:\Users\tonyg\.m2\repository\org\springframework\boot\spring-boot-starter-test\2.0.1.RELEASE\spring-boot-starter-test-2.0.1.RELEASE.jar;C:\Users\tonyg\.m2\repository\org\springframework\boot\spring-boot-test\2.0.1.RELEASE\spring-boot-test-2.0.1.RELEASE.jar;C:\Users\tonyg\.m2\repository\org\springframework\boot\spring-boot-test-autoconfigure\2.0.1.RELEASE\spring-boot-test-autoconfigure-2.0.1.RELEASE.jar;C:\Users\tonyg\.m2\repository\com\jayway\jsonpath\json-path\2.4.0\json-path-2.4.0.jar;C:\Users\tonyg\.m2\repository\net\minidev\json-smart\2.3\json-smart-2.3.jar;C:\Users\tonyg\.m2\repository\net\minidev\accessors-smart\1.2\accessors-smart-1.2.jar;C:\Users\tonyg\.m2\repository\junit\junit\4.12\junit-4.12.jar;C:\Users\tonyg\.m2\repository\org\assertj\assertj-core\3.9.1\assertj-core-3.9.1.jar;C:\Users\tonyg\.m2\repository\org\mockito\mockito-core\2.15.0\mockito-core-2.15.0.jar;C:\Users\tonyg\.m2\repository\net\bytebuddy\byte-buddy\1.7.11\byte-buddy-1.7.11.jar;C:\Users\tonyg\.m2\repository\net\bytebuddy\byte-buddy-agent\1.7.11\byte-buddy-agent-1.7.11.jar;C:\Users\tonyg\.m2\repository\org\objenesis\objenesis\2.6\objenesis-2.6.jar;C:\Users\tonyg\.m2\repository\org\hamcrest\hamcrest-core\1.3\hamcrest-core-1.3.jar;C:\Users\tonyg\.m2\repository\org\hamcrest\hamcrest-library\1.3\hamcrest-library-1.3.jar;C:\Users\tonyg\.m2\repository\org\skyscreamer\jsonassert\1.5.0\jsonassert-1.5.0.jar;C:\Users\tonyg\.m2\repository\com\vaadin\external\google\android-json\0.0.20131108.vaadin1\android-json-0.0.20131108.vaadin1.jar;C:\Users\tonyg\.m2\repository\org\springframework\spring-core\5.0.5.RELEASE\spring-core-5.0.5.RELEASE.jar;C:\Users\tonyg\.m2\repository\org\springframework\spring-jcl\5.0.5.RELEASE\spring-jcl-5.0.5.RELEASE.jar;C:\Users\tonyg\.m2\repository\org\springframework\spring-test\5.0.5.RELEASE\spring-test-5.0.5.RELEASE.jar;C:\Users\tonyg\.m2\repository\org\xmlunit\xmlunit-core\2.5.1\xmlunit-core-2.5.1.jar;C:\Users\tonyg\.m2\repository\com\datastax\oss\java-driver-core\4.12.0\java-driver-core-4.12.0.jar;C:\Users\tonyg\.m2\repository\com\datastax\oss\native-protocol\1.5.0\native-protocol-1.5.0.jar;C:\Users\tonyg\.m2\repository\io\netty\netty-handler\4.1.23.Final\netty-handler-4.1.23.Final.jar;C:\Users\tonyg\.m2\repository\io\netty\netty-buffer\4.1.23.Final\netty-buffer-4.1.23.Final.jar;C:\Users\tonyg\.m2\repository\io\netty\netty-common\4.1.23.Final\netty-common-4.1.23.Final.jar;C:\Users\tonyg\.m2\repository\io\netty\netty-transport\4.1.23.Final\netty-transport-4.1.23.Final.jar;C:\Users\tonyg\.m2\repository\io\netty\netty-resolver\4.1.23.Final\netty-resolver-4.1.23.Final.jar;C:\Users\tonyg\.m2\repository\io\netty\netty-codec\4.1.23.Final\netty-codec-4.1.23.Final.jar;C:\Users\tonyg\.m2\repository\com\datastax\oss\java-driver-shaded-guava\25.1-jre-graal-sub-1\java-driver-shaded-guava-25.1-jre-graal-sub-1.jar;C:\Users\tonyg\.m2\repository\com\typesafe\config\1.4.1\config-1.4.1.jar;C:\Users\tonyg\.m2\repository\com\github\jnr\jnr-posix\3.1.5\jnr-posix-3.1.5.jar;C:\Users\tonyg\.m2\repository\com\github\jnr\jnr-ffi\2.2.2\jnr-ffi-2.2.2.jar;C:\Users\tonyg\.m2\repository\com\github\jnr\jffi\1.3.1\jffi-1.3.1.jar;C:\Users\tonyg\.m2\repository\com\github\jnr\jffi\1.3.1\jffi-1.3.1-native.jar;C:\Users\tonyg\.m2\repository\org\ow2\asm\asm\9.1\asm-9.1.jar;C:\Users\tonyg\.m2\repository\org\ow2\asm\asm-commons\9.1\asm-commons-9.1.jar;C:\Users\tonyg\.m2\repository\org\ow2\asm\asm-analysis\9.1\asm-analysis-9.1.jar;C:\Users\tonyg\.m2\repository\org\ow2\asm\asm-tree\9.1\asm-tree-9.1.jar;C:\Users\tonyg\.m2\repository\org\ow2\asm\asm-util\9.1\asm-util-9.1.jar;C:\Users\tonyg\.m2\repository\com\github\jnr\jnr-a64asm\1.0.0\jnr-a64asm-1.0.0.jar;C:\Users\tonyg\.m2\repository\com\github\jnr\jnr-x86asm\1.0.2\jnr-x86asm-1.0.2.jar;C:\Users\tonyg\.m2\repository\com\github\jnr\jnr-constants\0.10.1\jnr-constants-0.10.1.jar;C:\Users\tonyg\.m2\repository\org\slf4j\slf4j-api\1.7.25\slf4j-api-1.7.25.jar;C:\Users\tonyg\.m2\repository\io\dropwizard\metrics\metrics-core\3.2.6\metrics-core-3.2.6.jar;C:\Users\tonyg\.m2\repository\org\hdrhistogram\HdrHistogram\2.1.12\HdrHistogram-2.1.12.jar;C:\Users\tonyg\.m2\repository\com\esri\geometry\esri-geometry-api\1.2.1\esri-geometry-api-1.2.1.jar;C:\Users\tonyg\.m2\repository\org\json\json\20090211\json-20090211.jar;C:\Users\tonyg\.m2\repository\org\codehaus\jackson\jackson-core-asl\1.9.12\jackson-core-asl-1.9.12.jar;C:\Users\tonyg\.m2\repository\com\fasterxml\jackson\core\jackson-core\2.9.5\jackson-core-2.9.5.jar;C:\Users\tonyg\.m2\repository\com\fasterxml\jackson\core\jackson-databind\2.9.5\jackson-databind-2.9.5.jar;C:\Users\tonyg\.m2\repository\com\fasterxml\jackson\core\jackson-annotations\2.9.0\jackson-annotations-2.9.0.jar;C:\Users\tonyg\.m2\repository\org\reactivestreams\reactive-streams\1.0.2\reactive-streams-1.0.2.jar;C:\Users\tonyg\.m2\repository\com\github\stephenc\jcip\jcip-annotations\1.0-1\jcip-annotations-1.0-1.jar;C:\Users\tonyg\.m2\repository\com\github\spotbugs\spotbugs-annotations\3.1.12\spotbugs-annotations-3.1.12.jar;C:\Users\tonyg\.m2\repository\com\google\code\findbugs\jsr305\3.0.2\jsr305-3.0.2.jar;C:\Users\tonyg\.m2\repository\com\datastax\oss\java-driver-query-builder\4.12.0\java-driver-query-builder-4.12.0.jar;C:\Users\tonyg\.m2\repository\com\datastax\oss\java-driver-mapper-runtime\4.12.0\java-driver-mapper-runtime-4.12.0.jar;C:\Users\tonyg\.m2\repository\com\datastax\oss\java-driver-mapper-processor\4.12.0\java-driver-mapper-processor-4.12.0.jar;C:\Users\tonyg\.m2\repository\com\squareup\javapoet\1.13.0\javapoet-1.13.0.jar;, java.specification.name=Java Platform API Specification, java.class.version=52.0, sun.management.compiler=HotSpot 64-Bit Tiered Compilers, os.version=10.0, user.home=C:\Users\tonyg, user.timezone=America/Chicago, java.awt.printerjob=sun.awt.windows.WPrinterJob, file.encoding=Cp1252, java.specification.version=1.8, java.class.path=C:\Users\tonyg\OneDrive\Documents\GitHub\Cassandra2022Group1\source\SpringBootCassandra\target\test-classes;C:\Users\tonyg\OneDrive\Documents\GitHub\Cassandra2022Group1\source\SpringBootCassandra\target\classes;C:\Users\tonyg\.m2\repository\org\springframework\boot\spring-boot-starter-data-cassandra\2.0.1.RELEASE\spring-boot-starter-data-cassandra-2.0.1.RELEASE.jar;C:\Users\tonyg\.m2\repository\org\springframework\boot\spring-boot-starter\2.0.1.RELEASE\spring-boot-starter-2.0.1.RELEASE.jar;C:\Users\tonyg\.m2\repository\org\springframework\boot\spring-boot\2.0.1.RELEASE\spring-boot-2.0.1.RELEASE.jar;C:\Users\tonyg\.m2\repository\org\springframework\boot\spring-boot-autoconfigure\2.0.1.RELEASE\spring-boot-autoconfigure-2.0.1.RELEASE.jar;C:\Users\tonyg\.m2\repository\org\springframework\boot\spring-boot-starter-logging\2.0.1.RELEASE\spring-boot-starter-logging-2.0.1.RELEASE.jar;C:\Users\tonyg\.m2\repository\ch\qos\logback\logback-classic\1.2.3\logback-classic-1.2.3.jar;C:\Users\tonyg\.m2\repository\ch\qos\logback\logback-core\1.2.3\logback-core-1.2.3.jar;C:\Users\tonyg\.m2\repository\org\apache\logging\log4j\log4j-to-slf4j\2.10.0\log4j-to-slf4j-2.10.0.jar;C:\Users\tonyg\.m2\repository\org\apache\logging\log4j\log4j-api\2.10.0\log4j-api-2.10.0.jar;C:\Users\tonyg\.m2\repository\org\slf4j\jul-to-slf4j\1.7.25\jul-to-slf4j-1.7.25.jar;C:\Users\tonyg\.m2\repository\javax\annotation\javax.annotation-api\1.3.2\javax.annotation-api-1.3.2.jar;C:\Users\tonyg\.m2\repository\org\yaml\snakeyaml\1.19\snakeyaml-1.19.jar;C:\Users\tonyg\.m2\repository\org\springframework\spring-tx\5.0.5.RELEASE\spring-tx-5.0.5.RELEASE.jar;C:\Users\tonyg\.m2\repository\org\springframework\spring-beans\5.0.5.RELEASE\spring-beans-5.0.5.RELEASE.jar;C:\Users\tonyg\.m2\repository\org\springframework\data\spring-data-cassandra\2.0.6.RELEASE\spring-data-cassandra-2.0.6.RELEASE.jar;C:\Users\tonyg\.m2\repository\org\springframework\spring-context\5.0.5.RELEASE\spring-context-5.0.5.RELEASE.jar;C:\Users\tonyg\.m2\repository\org\springframework\spring-expression\5.0.5.RELEASE\spring-expression-5.0.5.RELEASE.jar;C:\Users\tonyg\.m2\repository\org\springframework\data\spring-data-commons\2.0.6.RELEASE\spring-data-commons-2.0.6.RELEASE.jar;C:\Users\tonyg\.m2\repository\com\datastax\cassandra\cassandra-driver-core\3.4.0\cassandra-driver-core-3.4.0.jar;C:\Users\tonyg\.m2\repository\com\google\guava\guava\19.0\guava-19.0.jar;C:\Users\tonyg\.m2\repository\org\springframework\boot\spring-boot-starter-web\2.0.1.RELEASE\spring-boot-starter-web-2.0.1.RELEASE.jar;C:\Users\tonyg\.m2\repository\org\springframework\boot\spring-boot-starter-json\2.0.1.RELEASE\spring-boot-starter-json-2.0.1.RELEASE.jar;C:\Users\tonyg\.m2\repository\com\fasterxml\jackson\datatype\jackson-datatype-jdk8\2.9.5\jackson-datatype-jdk8-2.9.5.jar;C:\Users\tonyg\.m2\repository\com\fasterxml\jackson\datatype\jackson-datatype-jsr310\2.9.5\jackson-datatype-jsr310-2.9.5.jar;C:\Users\tonyg\.m2\repository\com\fasterxml\jackson\module\jackson-module-parameter-names\2.9.5\jackson-module-parameter-names-2.9.5.jar;C:\Users\tonyg\.m2\repository\org\springframework\boot\spring-boot-starter-tomcat\2.0.1.RELEASE\spring-boot-starter-tomcat-2.0.1.RELEASE.jar;C:\Users\tonyg\.m2\repository\org\apache\tomcat\embed\tomcat-embed-core\8.5.29\tomcat-embed-core-8.5.29.jar;C:\Users\tonyg\.m2\repository\org\apache\tomcat\embed\tomcat-embed-el\8.5.29\tomcat-embed-el-8.5.29.jar;C:\Users\tonyg\.m2\repository\org\apache\tomcat\embed\tomcat-embed-websocket\8.5.29\tomcat-embed-websocket-8.5.29.jar;C:\Users\tonyg\.m2\repository\org\hibernate\validator\hibernate-validator\6.0.9.Final\hibernate-validator-6.0.9.Final.jar;C:\Users\tonyg\.m2\repository\javax\validation\validation-api\2.0.1.Final\validation-api-2.0.1.Final.jar;C:\Users\tonyg\.m2\repository\org\jboss\logging\jboss-logging\3.3.2.Final\jboss-logging-3.3.2.Final.jar;C:\Users\tonyg\.m2\repository\com\fasterxml\classmate\1.3.4\classmate-1.3.4.jar;C:\Users\tonyg\.m2\repository\org\springframework\spring-web\5.0.5.RELEASE\spring-web-5.0.5.RELEASE.jar;C:\Users\tonyg\.m2\repository\org\springframework\spring-webmvc\5.0.5.RELEASE\spring-webmvc-5.0.5.RELEASE.jar;C:\Users\tonyg\.m2\repository\org\springframework\spring-aop\5.0.5.RELEASE\spring-aop-5.0.5.RELEASE.jar;C:\Users\tonyg\.m2\repository\org\springframework\boot\spring-boot-starter-test\2.0.1.RELEASE\spring-boot-starter-test-2.0.1.RELEASE.jar;C:\Users\tonyg\.m2\repository\org\springframework\boot\spring-boot-test\2.0.1.RELEASE\spring-boot-test-2.0.1.RELEASE.jar;C:\Users\tonyg\.m2\repository\org\springframework\boot\spring-boot-test-autoconfigure\2.0.1.RELEASE\spring-boot-test-autoconfigure-2.0.1.RELEASE.jar;C:\Users\tonyg\.m2\repository\com\jayway\jsonpath\json-path\2.4.0\json-path-2.4.0.jar;C:\Users\tonyg\.m2\repository\net\minidev\json-smart\2.3\json-smart-2.3.jar;C:\Users\tonyg\.m2\repository\net\minidev\accessors-smart\1.2\accessors-smart-1.2.jar;C:\Users\tonyg\.m2\repository\junit\junit\4.12\junit-4.12.jar;C:\Users\tonyg\.m2\repository\org\assertj\assertj-core\3.9.1\assertj-core-3.9.1.jar;C:\Users\tonyg\.m2\repository\org\mockito\mockito-core\2.15.0\mockito-core-2.15.0.jar;C:\Users\tonyg\.m2\repository\net\bytebuddy\byte-buddy\1.7.11\byte-buddy-1.7.11.jar;C:\Users\tonyg\.m2\repository\net\bytebuddy\byte-buddy-agent\1.7.11\byte-buddy-agent-1.7.11.jar;C:\Users\tonyg\.m2\repository\org\objenesis\objenesis\2.6\objenesis-2.6.jar;C:\Users\tonyg\.m2\repository\org\hamcrest\hamcrest-core\1.3\hamcrest-core-1.3.jar;C:\Users\tonyg\.m2\repository\org\hamcrest\hamcrest-library\1.3\hamcrest-library-1.3.jar;C:\Users\tonyg\.m2\repository\org\skyscreamer\jsonassert\1.5.0\jsonassert-1.5.0.jar;C:\Users\tonyg\.m2\repository\com\vaadin\external\google\android-json\0.0.20131108.vaadin1\android-json-0.0.20131108.vaadin1.jar;C:\Users\tonyg\.m2\repository\org\springframework\spring-core\5.0.5.RELEASE\spring-core-5.0.5.RELEASE.jar;C:\Users\tonyg\.m2\repository\org\springframework\spring-jcl\5.0.5.RELEASE\spring-jcl-5.0.5.RELEASE.jar;C:\Users\tonyg\.m2\repository\org\springframework\spring-test\5.0.5.RELEASE\spring-test-5.0.5.RELEASE.jar;C:\Users\tonyg\.m2\repository\org\xmlunit\xmlunit-core\2.5.1\xmlunit-core-2.5.1.jar;C:\Users\tonyg\.m2\repository\com\datastax\oss\java-driver-core\4.12.0\java-driver-core-4.12.0.jar;C:\Users\tonyg\.m2\repository\com\datastax\oss\native-protocol\1.5.0\native-protocol-1.5.0.jar;C:\Users\tonyg\.m2\repository\io\netty\netty-handler\4.1.23.Final\netty-handler-4.1.23.Final.jar;C:\Users\tonyg\.m2\repository\io\netty\netty-buffer\4.1.23.Final\netty-buffer-4.1.23.Final.jar;C:\Users\tonyg\.m2\repository\io\netty\netty-common\4.1.23.Final\netty-common-4.1.23.Final.jar;C:\Users\tonyg\.m2\repository\io\netty\netty-transport\4.1.23.Final\netty-transport-4.1.23.Final.jar;C:\Users\tonyg\.m2\repository\io\netty\netty-resolver\4.1.23.Final\netty-resolver-4.1.23.Final.jar;C:\Users\tonyg\.m2\repository\io\netty\netty-codec\4.1.23.Final\netty-codec-4.1.23.Final.jar;C:\Users\tonyg\.m2\repository\com\datastax\oss\java-driver-shaded-guava\25.1-jre-graal-sub-1\java-driver-shaded-guava-25.1-jre-graal-sub-1.jar;C:\Users\tonyg\.m2\repository\com\typesafe\config\1.4.1\config-1.4.1.jar;C:\Users\tonyg\.m2\repository\com\github\jnr\jnr-posix\3.1.5\jnr-posix-3.1.5.jar;C:\Users\tonyg\.m2\repository\com\github\jnr\jnr-ffi\2.2.2\jnr-ffi-2.2.2.jar;C:\Users\tonyg\.m2\repository\com\github\jnr\jffi\1.3.1\jffi-1.3.1.jar;C:\Users\tonyg\.m2\repository\com\github\jnr\jffi\1.3.1\jffi-1.3.1-native.jar;C:\Users\tonyg\.m2\repository\org\ow2\asm\asm\9.1\asm-9.1.jar;C:\Users\tonyg\.m2\repository\org\ow2\asm\asm-commons\9.1\asm-commons-9.1.jar;C:\Users\tonyg\.m2\repository\org\ow2\asm\asm-analysis\9.1\asm-analysis-9.1.jar;C:\Users\tonyg\.m2\repository\org\ow2\asm\asm-tree\9.1\asm-tree-9.1.jar;C:\Users\tonyg\.m2\repository\org\ow2\asm\asm-util\9.1\asm-util-9.1.jar;C:\Users\tonyg\.m2\repository\com\github\jnr\jnr-a64asm\1.0.0\jnr-a64asm-1.0.0.jar;C:\Users\tonyg\.m2\repository\com\github\jnr\jnr-x86asm\1.0.2\jnr-x86asm-1.0.2.jar;C:\Users\tonyg\.m2\repository\com\github\jnr\jnr-constants\0.10.1\jnr-constants-0.10.1.jar;C:\Users\tonyg\.m2\repository\org\slf4j\slf4j-api\1.7.25\slf4j-api-1.7.25.jar;C:\Users\tonyg\.m2\repository\io\dropwizard\metrics\metrics-core\3.2.6\metrics-core-3.2.6.jar;C:\Users\tonyg\.m2\repository\org\hdrhistogram\HdrHistogram\2.1.12\HdrHistogram-2.1.12.jar;C:\Users\tonyg\.m2\repository\com\esri\geometry\esri-geometry-api\1.2.1\esri-geometry-api-1.2.1.jar;C:\Users\tonyg\.m2\repository\org\json\json\20090211\json-20090211.jar;C:\Users\tonyg\.m2\repository\org\codehaus\jackson\jackson-core-asl\1.9.12\jackson-core-asl-1.9.12.jar;C:\Users\tonyg\.m2\repository\com\fasterxml\jackson\core\jackson-core\2.9.5\jackson-core-2.9.5.jar;C:\Users\tonyg\.m2\repository\com\fasterxml\jackson\core\jackson-databind\2.9.5\jackson-databind-2.9.5.jar;C:\Users\tonyg\.m2\repository\com\fasterxml\jackson\core\jackson-annotations\2.9.0\jackson-annotations-2.9.0.jar;C:\Users\tonyg\.m2\repository\org\reactivestreams\reactive-streams\1.0.2\reactive-streams-1.0.2.jar;C:\Users\tonyg\.m2\repository\com\github\stephenc\jcip\jcip-annotations\1.0-1\jcip-annotations-1.0-1.jar;C:\Users\tonyg\.m2\repository\com\github\spotbugs\spotbugs-annotations\3.1.12\spotbugs-annotations-3.1.12.jar;C:\Users\tonyg\.m2\repository\com\google\code\findbugs\jsr305\3.0.2\jsr305-3.0.2.jar;C:\Users\tonyg\.m2\repository\com\datastax\oss\java-driver-query-builder\4.12.0\java-driver-query-builder-4.12.0.jar;C:\Users\tonyg\.m2\repository\com\datastax\oss\java-driver-mapper-runtime\4.12.0\java-driver-mapper-runtime-4.12.0.jar;C:\Users\tonyg\.m2\repository\com\datastax\oss\java-driver-mapper-processor\4.12.0\java-driver-mapper-processor-4.12.0.jar;C:\Users\tonyg\.m2\repository\com\squareup\javapoet\1.13.0\javapoet-1.13.0.jar;, user.name=tonyg, java.vm.specification.version=1.8, sun.java.command=C:\Users\tonyg\AppData\Local\Temp\surefire8284100076781417558\surefirebooter5185000341973114892.jar C:\Users\tonyg\AppData\Local\Temp\surefire8284100076781417558 2022-08-03T22-14-53_829-jvmRun1 surefire4506458897567489819tmp surefire_05124621172136926609tmp, java.home=C:\Program Files\Java\jdk1.8.0_251\jre, sun.arch.data.model=64, user.language=en, java.specification.vendor=Oracle Corporation, awt.toolkit=sun.awt.windows.WToolkit, java.vm.info=mixed mode, java.version=1.8.0_251, java.ext.dirs=C:\Program Files\Java\jdk1.8.0_251\jre\lib\ext;C:\WINDOWS\Sun\Java\lib\ext, sun.boot.class.path=C:\Program Files\Java\jdk1.8.0_251\jre\lib\resources.jar;C:\Program Files\Java\jdk1.8.0_251\jre\lib\rt.jar;C:\Program Files\Java\jdk1.8.0_251\jre\lib\sunrsasign.jar;C:\Program Files\Java\jdk1.8.0_251\jre\lib\jsse.jar;C:\Program Files\Java\jdk1.8.0_251\jre\lib\jce.jar;C:\Program Files\Java\jdk1.8.0_251\jre\lib\charsets.jar;C:\Program Files\Java\jdk1.8.0_251\jre\lib\jfr.jar;C:\Program Files\Java\jdk1.8.0_251\jre\classes, java.vendor=Oracle Corporation, localRepository=C:\Users\tonyg\.m2\repository, file.separator=\, java.vendor.url.bug=http://bugreport.sun.com/bugreport/, sun.io.unicode.encoding=UnicodeLittle, sun.cpu.endian=little, sun.desktop=windows, sun.cpu.isalist=amd64}}, SystemEnvironmentPropertySource@1073533248 {name='systemEnvironment', properties={PATH=C:\Program Files (x86)\Common Files\Oracle\Java\javapath;C:\WINDOWS\system32;C:\WINDOWS;C:\WINDOWS\System32\Wbem;C:\WINDOWS\System32\WindowsPowerShell\v1.0\;C:\WINDOWS\System32\OpenSSH\;C:\Program Files\Python27;C:\Program Files\apache-cassandra-3.11.13\bin;C:\Program Files\Git\cmd;C:\Program Files\apache-maven-3.8.6\bin;C:\ProgramData\chocolatey\bin;C:\Users\tonyg\AppData\Roaming\nvm;C:\Program Files\nodejs;C:\Program Files\Java\jdk1.8.0_251\bin;C:\Program Files\Python39\Scripts\;C:\Program Files\Python39\;C:\Users\tonyg\AppData\Local\Microsoft\WindowsApps;C:\Users\tonyg\AppData\Local\Programs\Microsoft VS Code\bin;C:\Users\tonyg\AppData\Roaming\npm;C:\Users\tonyg\AppData\Roaming\nvm;C:\Program Files\nodejs;C:\Users\tonyg\AppData\Local\GitHubDesktop\bin;C:\Program Files\Java\jdk1.8.0_251\bin;, USERDOMAIN_ROAMINGPROFILE=LAPTOP-E50DJ4LU, NVM_SYMLINK=C:\Program Files\nodejs, PROCESSOR_LEVEL=6, SYSTEMDRIVE=C:, SESSIONNAME=Console, ALLUSERSPROFILE=C:\ProgramData, PLATFORMCODE=KV, PROCESSOR_ARCHITECTURE=AMD64, DRIVERDATA=C:\Windows\System32\Drivers\DriverData, __INTELLIJ_COMMAND_HISTFILE__=C:\Users\tonyg\AppData\Local\JetBrains\IdeaIC2022.1\terminal\history\SpringBootCassandra-history1, MAVEN_HOME=C:\Program Files\apache-maven-3.8.6, PROGRAMFILES=C:\Program Files, PSMODULEPATH=C:\Users\tonyg\OneDrive\Documents\WindowsPowerShell\Modules;C:\Program Files\WindowsPowerShell\Modules;C:\WINDOWS\system32\WindowsPowerShell\v1.0\Modules, PROGRAMDATA=C:\ProgramData, CHOCOLATEYLASTPATHUPDATE=133020667055548659, USERNAME=tonyg, WDIR=C:\, FPS_BROWSER_USER_PROFILE_STRING=Default, ONEDRIVE=C:\Users\tonyg\OneDrive, PATHEXT=.COM;.EXE;.BAT;.CMD;.VBS;.VBE;.JS;.JSE;.WSF;.WSH;.MSC;.CPL, ONEDRIVECONSUMER=C:\Users\tonyg\OneDrive, CLASSWORLDS_JAR="C:\Program Files\apache-maven-3.8.6\boot\plexus-classworlds-2.6.0.jar", REGIONCODE=NA, WINDIR=C:\WINDOWS, HOMEPATH=\Users\tonyg, TERM_SESSION_ID=3cf2e5ec-e7f5-4e60-bc80-1a89620151fa, PROCESSOR_IDENTIFIER=Intel64 Family 6 Model 140 Stepping 1, GenuineIntel, PUBLIC=C:\Users\Public, =::=::\, ZES_ENABLE_SYSMAN=1, LOCALAPPDATA=C:\Users\tonyg\AppData\Local, COMMONPROGRAMFILES(X86)=C:\Program Files (x86)\Common Files, USERDOMAIN=LAPTOP-E50DJ4LU, FPS_BROWSER_APP_PROFILE_STRING=Internet Explorer, LOGONSERVER=\\LAPTOP-E50DJ4LU, JAVA_HOME=C:\Program Files\Java\jdk1.8.0_251, PROMPT=$P$G, PROGRAMFILES(X86)=C:\Program Files (x86), ERROR_CODE=0, EXEC_DIR=C:\Users\tonyg\OneDrive\Documents\GitHub\Cassandra2022Group1\source\SpringBootCassandra, ONLINESERVICES=Online Services, =C:=C:\Users\tonyg\OneDrive\Documents\GitHub\Cassandra2022Group1\source\SpringBootCassandra, APPDATA=C:\Users\tonyg\AppData\Roaming, PROGRAMW6432=C:\Program Files, SYSTEMROOT=C:\WINDOWS, CHOCOLATEYINSTALL=C:\ProgramData\chocolatey, MAVEN_CMD_LINE_ARGS=package, OS=Windows_NT, COMMONPROGRAMW6432=C:\Program Files\Common Files, COMPUTERNAME=LAPTOP-E50DJ4LU, COMMONPROGRAMFILES=C:\Program Files\Common Files, COMSPEC=C:\WINDOWS\system32\cmd.exe, JAVACMD=C:\Program Files\Java\jdk1.8.0_251\bin\java.exe, MAVEN_PROJECTBASEDIR=C:\Users\tonyg\OneDrive\Documents\GitHub\Cassandra2022Group1\source\SpringBootCassandra, NVM_HOME=C:\Users\tonyg\AppData\Roaming\nvm, PROCESSOR_REVISION=8c01, CLASSWORLDS_LAUNCHER=org.codehaus.plexus.classworlds.launcher.Launcher, TERMINAL_EMULATOR=JetBrains-JediTerm, CASSANDRA_HOME=C:\Program Files\apache-cassandra-3.11.13, TEMP=C:\Users\tonyg\AppData\Local\Temp, HOMEDRIVE=C:, USERPROFILE=C:\Users\tonyg, TMP=C:\Users\tonyg\AppData\Local\Temp, NUMBER_OF_PROCESSORS=8, JVMCONFIG=\.mvn\jvm.config, IDEA_INITIAL_DIRECTORY=C:\Program Files\JetBrains\IntelliJ IDEA Community Edition 2022.1.3\bin}}]
22:14:55.165 [main] DEBUG org.springframework.core.io.support.PathMatchingResourcePatternResolver - Resolved classpath location [com/javasampleapproach/spring/cassandra/] to resources [URL [file:/C:/Users/tonyg/OneDrive/Documents/GitHub/Cassandra2022Group1/source/SpringBootCassandra/target/test-classes/com/javasampleapproach/spring/cassandra/]]
22:14:55.165 [main] DEBUG org.springframework.core.io.support.PathMatchingResourcePatternResolver - Looking for matching resources in directory tree [C:\Users\tonyg\OneDrive\Documents\GitHub\Cassandra2022Group1\source\SpringBootCassandra\target\test-classes\com\javasampleapproach\spring\cassandra]
22:14:55.165 [main] DEBUG org.springframework.core.io.support.PathMatchingResourcePatternResolver - Searching directory [C:\Users\tonyg\OneDrive\Documents\GitHub\Cassandra2022Group1\source\SpringBootCassandra\target\test-classes\com\javasampleapproach\spring\cassandra] for files matching pattern [C:/Users/tonyg/OneDrive/Documents/GitHub/Cassandra2022Group1/source/SpringBootCassandra/target/test-classes/com/javasampleapproach/spring/cassandra/*.class]
22:14:55.170 [main] DEBUG org.springframework.core.io.support.PathMatchingResourcePatternResolver - Resolved location pattern [classpath*:com/javasampleapproach/spring/cassandra/*.class] to resources [file [C:\Users\tonyg\OneDrive\Documents\GitHub\Cassandra2022Group1\source\SpringBootCassandra\target\test-classes\com\javasampleapproach\spring\cassandra\SpringBootCassandraApplicationTests.class]]
22:14:55.211 [main] DEBUG org.springframework.core.io.support.PathMatchingResourcePatternResolver - Resolved classpath location [com/javasampleapproach/spring/] to resources [URL [file:/C:/Users/tonyg/OneDrive/Documents/GitHub/Cassandra2022Group1/source/SpringBootCassandra/target/test-classes/com/javasampleapproach/spring/]]
22:14:55.212 [main] DEBUG org.springframework.core.io.support.PathMatchingResourcePatternResolver - Looking for matching resources in directory tree [C:\Users\tonyg\OneDrive\Documents\GitHub\Cassandra2022Group1\source\SpringBootCassandra\target\test-classes\com\javasampleapproach\spring]
22:14:55.212 [main] DEBUG org.springframework.core.io.support.PathMatchingResourcePatternResolver - Searching directory [C:\Users\tonyg\OneDrive\Documents\GitHub\Cassandra2022Group1\source\SpringBootCassandra\target\test-classes\com\javasampleapproach\spring] for files matching pattern [C:/Users/tonyg/OneDrive/Documents/GitHub/Cassandra2022Group1/source/SpringBootCassandra/target/test-classes/com/javasampleapproach/spring/*.class]
22:14:55.213 [main] DEBUG org.springframework.core.io.support.PathMatchingResourcePatternResolver - Resolved location pattern [classpath*:com/javasampleapproach/spring/*.class] to resources []
22:14:55.213 [main] DEBUG org.springframework.core.io.support.PathMatchingResourcePatternResolver - Resolved classpath location [com/javasampleapproach/] to resources [URL [file:/C:/Users/tonyg/OneDrive/Documents/GitHub/Cassandra2022Group1/source/SpringBootCassandra/target/test-classes/com/javasampleapproach/]]
22:14:55.213 [main] DEBUG org.springframework.core.io.support.PathMatchingResourcePatternResolver - Looking for matching resources in directory tree [C:\Users\tonyg\OneDrive\Documents\GitHub\Cassandra2022Group1\source\SpringBootCassandra\target\test-classes\com\javasampleapproach]
22:14:55.213 [main] DEBUG org.springframework.core.io.support.PathMatchingResourcePatternResolver - Searching directory [C:\Users\tonyg\OneDrive\Documents\GitHub\Cassandra2022Group1\source\SpringBootCassandra\target\test-classes\com\javasampleapproach] for files matching pattern [C:/Users/tonyg/OneDrive/Documents/GitHub/Cassandra2022Group1/source/SpringBootCassandra/target/test-classes/com/javasampleapproach/*.class]
22:14:55.214 [main] DEBUG org.springframework.core.io.support.PathMatchingResourcePatternResolver - Resolved location pattern [classpath*:com/javasampleapproach/*.class] to resources []
22:14:55.216 [main] DEBUG org.springframework.core.io.support.PathMatchingResourcePatternResolver - Resolved classpath location [com/] to resources [URL [file:/C:/Users/tonyg/OneDrive/Documents/GitHub/Cassandra2022Group1/source/SpringBootCassandra/target/test-classes/com/], URL [jar:file:/C:/Users/tonyg/.m2/repository/com/datastax/cassandra/cassandra-driver-core/3.4.0/cassandra-driver-core-3.4.0.jar!/com/], URL [jar:file:/C:/Users/tonyg/.m2/repository/com/google/guava/guava/19.0/guava-19.0.jar!/com/], URL [jar:file:/C:/Users/tonyg/.m2/repository/com/fasterxml/jackson/datatype/jackson-datatype-jdk8/2.9.5/jackson-datatype-jdk8-2.9.5.jar!/com/], URL [jar:file:/C:/Users/tonyg/.m2/repository/com/fasterxml/jackson/datatype/jackson-datatype-jsr310/2.9.5/jackson-datatype-jsr310-2.9.5.jar!/com/], URL [jar:file:/C:/Users/tonyg/.m2/repository/com/fasterxml/jackson/module/jackson-module-parameter-names/2.9.5/jackson-module-parameter-names-2.9.5.jar!/com/], URL [jar:file:/C:/Users/tonyg/.m2/repository/com/fasterxml/classmate/1.3.4/classmate-1.3.4.jar!/com/], URL [jar:file:/C:/Users/tonyg/.m2/repository/com/jayway/jsonpath/json-path/2.4.0/json-path-2.4.0.jar!/com/], URL [jar:file:/C:/Users/tonyg/.m2/repository/com/datastax/oss/java-driver-core/4.12.0/java-driver-core-4.12.0.jar!/com/], URL [jar:file:/C:/Users/tonyg/.m2/repository/com/datastax/oss/native-protocol/1.5.0/native-protocol-1.5.0.jar!/com/], URL [jar:file:/C:/Users/tonyg/.m2/repository/com/datastax/oss/java-driver-shaded-guava/25.1-jre-graal-sub-1/java-driver-shaded-guava-25.1-jre-graal-sub-1.jar!/com/], URL [jar:file:/C:/Users/tonyg/.m2/repository/com/typesafe/config/1.4.1/config-1.4.1.jar!/com/], URL [jar:file:/C:/Users/tonyg/.m2/repository/com/github/jnr/jffi/1.3.1/jffi-1.3.1.jar!/com/], URL [jar:file:/C:/Users/tonyg/.m2/repository/com/github/jnr/jnr-x86asm/1.0.2/jnr-x86asm-1.0.2.jar!/com/], URL [jar:file:/C:/Users/tonyg/.m2/repository/io/dropwizard/metrics/metrics-core/3.2.6/metrics-core-3.2.6.jar!/com/], URL [jar:file:/C:/Users/tonyg/.m2/repository/com/esri/geometry/esri-geometry-api/1.2.1/esri-geometry-api-1.2.1.jar!/com/], URL [jar:file:/C:/Users/tonyg/.m2/repository/com/fasterxml/jackson/core/jackson-core/2.9.5/jackson-core-2.9.5.jar!/com/], URL [jar:file:/C:/Users/tonyg/.m2/repository/com/fasterxml/jackson/core/jackson-databind/2.9.5/jackson-databind-2.9.5.jar!/com/], URL [jar:file:/C:/Users/tonyg/.m2/repository/com/fasterxml/jackson/core/jackson-annotations/2.9.0/jackson-annotations-2.9.0.jar!/com/], URL [jar:file:/C:/Users/tonyg/.m2/repository/com/datastax/oss/java-driver-query-builder/4.12.0/java-driver-query-builder-4.12.0.jar!/com/], URL [jar:file:/C:/Users/tonyg/.m2/repository/com/datastax/oss/java-driver-mapper-runtime/4.12.0/java-driver-mapper-runtime-4.12.0.jar!/com/], URL [jar:file:/C:/Users/tonyg/.m2/repository/com/datastax/oss/java-driver-mapper-processor/4.12.0/java-driver-mapper-processor-4.12.0.jar!/com/], URL [jar:file:/C:/Users/tonyg/.m2/repository/com/squareup/javapoet/1.13.0/javapoet-1.13.0.jar!/com/]]
22:14:55.217 [main] DEBUG org.springframework.core.io.support.PathMatchingResourcePatternResolver - Looking for matching resources in directory tree [C:\Users\tonyg\OneDrive\Documents\GitHub\Cassandra2022Group1\source\SpringBootCassandra\target\test-classes\com]
22:14:55.217 [main] DEBUG org.springframework.core.io.support.PathMatchingResourcePatternResolver - Searching directory [C:\Users\tonyg\OneDrive\Documents\GitHub\Cassandra2022Group1\source\SpringBootCassandra\target\test-classes\com] for files matching pattern [C:/Users/tonyg/OneDrive/Documents/GitHub/Cassandra2022Group1/source/SpringBootCassandra/target/test-classes/com/*.class]
22:14:55.218 [main] DEBUG org.springframework.core.io.support.PathMatchingResourcePatternResolver - Looking for matching resources in jar file [file:/C:/Users/tonyg/.m2/repository/com/datastax/cassandra/cassandra-driver-core/3.4.0/cassandra-driver-core-3.4.0.jar]
22:14:55.235 [main] DEBUG org.springframework.core.io.support.PathMatchingResourcePatternResolver - Looking for matching resources in jar file [file:/C:/Users/tonyg/.m2/repository/com/google/guava/guava/19.0/guava-19.0.jar]
22:14:55.247 [main] DEBUG org.springframework.core.io.support.PathMatchingResourcePatternResolver - Looking for matching resources in jar file [file:/C:/Users/tonyg/.m2/repository/com/fasterxml/jackson/datatype/jackson-datatype-jdk8/2.9.5/jackson-datatype-jdk8-2.9.5.jar]
22:14:55.247 [main] DEBUG org.springframework.core.io.support.PathMatchingResourcePatternResolver - Looking for matching resources in jar file [file:/C:/Users/tonyg/.m2/repository/com/fasterxml/jackson/datatype/jackson-datatype-jsr310/2.9.5/jackson-datatype-jsr310-2.9.5.jar]
22:14:55.248 [main] DEBUG org.springframework.core.io.support.PathMatchingResourcePatternResolver - Looking for matching resources in jar file [file:/C:/Users/tonyg/.m2/repository/com/fasterxml/jackson/module/jackson-module-parameter-names/2.9.5/jackson-module-parameter-names-2.9.5.jar]
22:14:55.249 [main] DEBUG org.springframework.core.io.support.PathMatchingResourcePatternResolver - Looking for matching resources in jar file [file:/C:/Users/tonyg/.m2/repository/com/fasterxml/classmate/1.3.4/classmate-1.3.4.jar]
22:14:55.249 [main] DEBUG org.springframework.core.io.support.PathMatchingResourcePatternResolver - Looking for matching resources in jar file [file:/C:/Users/tonyg/.m2/repository/com/jayway/jsonpath/json-path/2.4.0/json-path-2.4.0.jar]
22:14:55.250 [main] DEBUG org.springframework.core.io.support.PathMatchingResourcePatternResolver - Looking for matching resources in jar file [file:/C:/Users/tonyg/.m2/repository/com/datastax/oss/java-driver-core/4.12.0/java-driver-core-4.12.0.jar]
22:14:55.260 [main] DEBUG org.springframework.core.io.support.PathMatchingResourcePatternResolver - Looking for matching resources in jar file [file:/C:/Users/tonyg/.m2/repository/com/datastax/oss/native-protocol/1.5.0/native-protocol-1.5.0.jar]
22:14:55.262 [main] DEBUG org.springframework.core.io.support.PathMatchingResourcePatternResolver - Looking for matching resources in jar file [file:/C:/Users/tonyg/.m2/repository/com/datastax/oss/java-driver-shaded-guava/25.1-jre-graal-sub-1/java-driver-shaded-guava-25.1-jre-graal-sub-1.jar]
22:14:55.275 [main] DEBUG org.springframework.core.io.support.PathMatchingResourcePatternResolver - Looking for matching resources in jar file [file:/C:/Users/tonyg/.m2/repository/com/typesafe/config/1.4.1/config-1.4.1.jar]
22:14:55.277 [main] DEBUG org.springframework.core.io.support.PathMatchingResourcePatternResolver - Looking for matching resources in jar file [file:/C:/Users/tonyg/.m2/repository/com/github/jnr/jffi/1.3.1/jffi-1.3.1.jar]
22:14:55.279 [main] DEBUG org.springframework.core.io.support.PathMatchingResourcePatternResolver - Looking for matching resources in jar file [file:/C:/Users/tonyg/.m2/repository/com/github/jnr/jnr-x86asm/1.0.2/jnr-x86asm-1.0.2.jar]
22:14:55.280 [main] DEBUG org.springframework.core.io.support.PathMatchingResourcePatternResolver - Looking for matching resources in jar file [file:/C:/Users/tonyg/.m2/repository/io/dropwizard/metrics/metrics-core/3.2.6/metrics-core-3.2.6.jar]
22:14:55.283 [main] DEBUG org.springframework.core.io.support.PathMatchingResourcePatternResolver - Looking for matching resources in jar file [file:/C:/Users/tonyg/.m2/repository/com/esri/geometry/esri-geometry-api/1.2.1/esri-geometry-api-1.2.1.jar]
22:14:55.285 [main] DEBUG org.springframework.core.io.support.PathMatchingResourcePatternResolver - Looking for matching resources in jar file [file:/C:/Users/tonyg/.m2/repository/com/fasterxml/jackson/core/jackson-core/2.9.5/jackson-core-2.9.5.jar]
22:14:55.286 [main] DEBUG org.springframework.core.io.support.PathMatchingResourcePatternResolver - Looking for matching resources in jar file [file:/C:/Users/tonyg/.m2/repository/com/fasterxml/jackson/core/jackson-databind/2.9.5/jackson-databind-2.9.5.jar]
22:14:55.289 [main] DEBUG org.springframework.core.io.support.PathMatchingResourcePatternResolver - Looking for matching resources in jar file [file:/C:/Users/tonyg/.m2/repository/com/fasterxml/jackson/core/jackson-annotations/2.9.0/jackson-annotations-2.9.0.jar]
22:14:55.289 [main] DEBUG org.springframework.core.io.support.PathMatchingResourcePatternResolver - Looking for matching resources in jar file [file:/C:/Users/tonyg/.m2/repository/com/datastax/oss/java-driver-query-builder/4.12.0/java-driver-query-builder-4.12.0.jar]
22:14:55.291 [main] DEBUG org.springframework.core.io.support.PathMatchingResourcePatternResolver - Looking for matching resources in jar file [file:/C:/Users/tonyg/.m2/repository/com/datastax/oss/java-driver-mapper-runtime/4.12.0/java-driver-mapper-runtime-4.12.0.jar]
22:14:55.292 [main] DEBUG org.springframework.core.io.support.PathMatchingResourcePatternResolver - Looking for matching resources in jar file [file:/C:/Users/tonyg/.m2/repository/com/datastax/oss/java-driver-mapper-processor/4.12.0/java-driver-mapper-processor-4.12.0.jar]
22:14:55.293 [main] DEBUG org.springframework.core.io.support.PathMatchingResourcePatternResolver - Looking for matching resources in jar file [file:/C:/Users/tonyg/.m2/repository/com/squareup/javapoet/1.13.0/javapoet-1.13.0.jar]
22:14:55.293 [main] DEBUG org.springframework.core.io.support.PathMatchingResourcePatternResolver - Resolved location pattern [classpath*:com/*.class] to resources []
]]></system-out>
  </testcase>
</testsuite>